{"D:\\Hacktiv8\\Phase 2\\Individual Project\\IP-RMT46\\brogrammer-server\\app.js": {"path":"D:\\Hacktiv8\\Phase 2\\Individual Project\\IP-RMT46\\brogrammer-server\\app.js","statementMap":{"0":{"start":{"line":1,"column":0},"end":{"line":2,"column":29}},"1":{"start":{"line":2,"column":2},"end":{"line":2,"column":29}},"2":{"start":{"line":4,"column":16},"end":{"line":4,"column":34}},"3":{"start":{"line":5,"column":15},"end":{"line":5,"column":35}},"4":{"start":{"line":6,"column":21},"end":{"line":6,"column":58}},"5":{"start":{"line":7,"column":13},"end":{"line":7,"column":28}},"6":{"start":{"line":8,"column":12},"end":{"line":8,"column":21}},"7":{"start":{"line":10,"column":0},"end":{"line":10,"column":15}},"8":{"start":{"line":11,"column":0},"end":{"line":11,"column":48}},"9":{"start":{"line":12,"column":0},"end":{"line":12,"column":24}},"10":{"start":{"line":13,"column":0},"end":{"line":13,"column":21}},"11":{"start":{"line":14,"column":0},"end":{"line":14,"column":22}},"12":{"start":{"line":16,"column":0},"end":{"line":16,"column":21}}},"fnMap":{},"branchMap":{"0":{"loc":{"start":{"line":1,"column":0},"end":{"line":2,"column":29}},"type":"if","locations":[{"start":{"line":1,"column":0},"end":{"line":2,"column":29}},{"start":{},"end":{}}],"line":1}},"s":{"0":6,"1":6,"2":6,"3":6,"4":6,"5":6,"6":6,"7":6,"8":6,"9":6,"10":6,"11":6,"12":6},"f":{},"b":{"0":[6,0]},"_coverageSchema":"1a1c01bbd47fc00a2c39e90264f33305004495a9","hash":"c399423c00cf03719c39ce99dc82e70252b275fb"}
,"D:\\Hacktiv8\\Phase 2\\Individual Project\\IP-RMT46\\brogrammer-server\\controllers\\categoryController.js": {"path":"D:\\Hacktiv8\\Phase 2\\Individual Project\\IP-RMT46\\brogrammer-server\\controllers\\categoryController.js","statementMap":{"0":{"start":{"line":1,"column":21},"end":{"line":1,"column":41}},"1":{"start":{"line":3,"column":22},"end":{"line":12,"column":1}},"2":{"start":{"line":4,"column":2},"end":{"line":11,"column":3}},"3":{"start":{"line":5,"column":23},"end":{"line":7,"column":6}},"4":{"start":{"line":8,"column":4},"end":{"line":8,"column":36}},"5":{"start":{"line":10,"column":4},"end":{"line":10,"column":15}},"6":{"start":{"line":14,"column":0},"end":{"line":16,"column":1}}},"fnMap":{"0":{"name":"(anonymous_0)","decl":{"start":{"line":3,"column":22},"end":{"line":3,"column":23}},"loc":{"start":{"line":3,"column":43},"end":{"line":12,"column":1}},"line":3}},"branchMap":{},"s":{"0":6,"1":6,"2":1,"3":1,"4":1,"5":1,"6":6},"f":{"0":1},"b":{},"_coverageSchema":"1a1c01bbd47fc00a2c39e90264f33305004495a9","hash":"5a8d0eef1b8ffbc01b13ed2ba528abfc977a88bc"}
,"D:\\Hacktiv8\\Phase 2\\Individual Project\\IP-RMT46\\brogrammer-server\\controllers\\courseController.js": {"path":"D:\\Hacktiv8\\Phase 2\\Individual Project\\IP-RMT46\\brogrammer-server\\controllers\\courseController.js","statementMap":{"0":{"start":{"line":1,"column":54},"end":{"line":1,"column":74}},"1":{"start":{"line":2,"column":15},"end":{"line":2,"column":35}},"2":{"start":{"line":4,"column":19},"end":{"line":48,"column":1}},"3":{"start":{"line":5,"column":55},"end":{"line":5,"column":64}},"4":{"start":{"line":6,"column":18},"end":{"line":15,"column":3}},"5":{"start":{"line":17,"column":2},"end":{"line":17,"column":51}},"6":{"start":{"line":17,"column":16},"end":{"line":17,"column":51}},"7":{"start":{"line":18,"column":2},"end":{"line":18,"column":57}},"8":{"start":{"line":18,"column":18},"end":{"line":18,"column":57}},"9":{"start":{"line":20,"column":2},"end":{"line":20,"column":103}},"10":{"start":{"line":22,"column":2},"end":{"line":27,"column":3}},"11":{"start":{"line":23,"column":4},"end":{"line":25,"column":5}},"12":{"start":{"line":24,"column":6},"end":{"line":24,"column":24}},"13":{"start":{"line":26,"column":4},"end":{"line":26,"column":55}},"14":{"start":{"line":29,"column":14},"end":{"line":29,"column":15}},"15":{"start":{"line":30,"column":2},"end":{"line":34,"column":3}},"16":{"start":{"line":31,"column":4},"end":{"line":31,"column":13}},"17":{"start":{"line":32,"column":4},"end":{"line":32,"column":25}},"18":{"start":{"line":33,"column":4},"end":{"line":33,"column":39}},"19":{"start":{"line":36,"column":2},"end":{"line":47,"column":3}},"20":{"start":{"line":37,"column":28},"end":{"line":37,"column":65}},"21":{"start":{"line":38,"column":4},"end":{"line":44,"column":7}},"22":{"start":{"line":46,"column":4},"end":{"line":46,"column":15}},"23":{"start":{"line":50,"column":24},"end":{"line":74,"column":1}},"24":{"start":{"line":51,"column":17},"end":{"line":51,"column":27}},"25":{"start":{"line":52,"column":2},"end":{"line":73,"column":3}},"26":{"start":{"line":53,"column":19},"end":{"line":69,"column":6}},"27":{"start":{"line":70,"column":4},"end":{"line":70,"column":32}},"28":{"start":{"line":72,"column":4},"end":{"line":72,"column":15}},"29":{"start":{"line":75,"column":21},"end":{"line":96,"column":1}},"30":{"start":{"line":76,"column":17},"end":{"line":76,"column":25}},"31":{"start":{"line":77,"column":2},"end":{"line":95,"column":3}},"32":{"start":{"line":78,"column":20},"end":{"line":90,"column":6}},"33":{"start":{"line":92,"column":4},"end":{"line":92,"column":33}},"34":{"start":{"line":94,"column":4},"end":{"line":94,"column":15}},"35":{"start":{"line":97,"column":0},"end":{"line":101,"column":1}}},"fnMap":{"0":{"name":"(anonymous_0)","decl":{"start":{"line":4,"column":19},"end":{"line":4,"column":20}},"loc":{"start":{"line":4,"column":45},"end":{"line":48,"column":1}},"line":4},"1":{"name":"(anonymous_1)","decl":{"start":{"line":50,"column":24},"end":{"line":50,"column":25}},"loc":{"start":{"line":50,"column":50},"end":{"line":74,"column":1}},"line":50},"2":{"name":"(anonymous_2)","decl":{"start":{"line":75,"column":21},"end":{"line":75,"column":22}},"loc":{"start":{"line":75,"column":47},"end":{"line":96,"column":1}},"line":75}},"branchMap":{"0":{"loc":{"start":{"line":17,"column":2},"end":{"line":17,"column":51}},"type":"if","locations":[{"start":{"line":17,"column":2},"end":{"line":17,"column":51}},{"start":{},"end":{}}],"line":17},"1":{"loc":{"start":{"line":18,"column":2},"end":{"line":18,"column":57}},"type":"if","locations":[{"start":{"line":18,"column":2},"end":{"line":18,"column":57}},{"start":{},"end":{}}],"line":18},"2":{"loc":{"start":{"line":20,"column":2},"end":{"line":20,"column":102}},"type":"cond-expr","locations":[{"start":{"line":20,"column":22},"end":{"line":20,"column":61}},{"start":{"line":20,"column":64},"end":{"line":20,"column":102}}],"line":20},"3":{"loc":{"start":{"line":22,"column":2},"end":{"line":27,"column":3}},"type":"if","locations":[{"start":{"line":22,"column":2},"end":{"line":27,"column":3}},{"start":{},"end":{}}],"line":22},"4":{"loc":{"start":{"line":23,"column":4},"end":{"line":25,"column":5}},"type":"if","locations":[{"start":{"line":23,"column":4},"end":{"line":25,"column":5}},{"start":{},"end":{}}],"line":23},"5":{"loc":{"start":{"line":30,"column":2},"end":{"line":34,"column":3}},"type":"if","locations":[{"start":{"line":30,"column":2},"end":{"line":34,"column":3}},{"start":{},"end":{}}],"line":30},"6":{"loc":{"start":{"line":39,"column":12},"end":{"line":39,"column":30}},"type":"cond-expr","locations":[{"start":{"line":39,"column":22},"end":{"line":39,"column":23}},{"start":{"line":39,"column":26},"end":{"line":39,"column":30}}],"line":39},"7":{"loc":{"start":{"line":42,"column":17},"end":{"line":42,"column":59}},"type":"cond-expr","locations":[{"start":{"line":42,"column":31},"end":{"line":42,"column":32}},{"start":{"line":42,"column":35},"end":{"line":42,"column":59}}],"line":42},"8":{"loc":{"start":{"line":43,"column":19},"end":{"line":43,"column":46}},"type":"cond-expr","locations":[{"start":{"line":43,"column":33},"end":{"line":43,"column":38}},{"start":{"line":43,"column":41},"end":{"line":43,"column":46}}],"line":43}},"s":{"0":6,"1":6,"2":6,"3":1,"4":1,"5":1,"6":1,"7":1,"8":0,"9":1,"10":1,"11":1,"12":0,"13":1,"14":1,"15":1,"16":1,"17":1,"18":1,"19":1,"20":1,"21":1,"22":0,"23":6,"24":1,"25":1,"26":1,"27":1,"28":0,"29":6,"30":1,"31":1,"32":1,"33":1,"34":0,"35":6},"f":{"0":1,"1":1,"2":1},"b":{"0":[1,0],"1":[0,1],"2":[1,0],"3":[1,0],"4":[0,1],"5":[1,0],"6":[0,1],"7":[0,1],"8":[0,1]},"_coverageSchema":"1a1c01bbd47fc00a2c39e90264f33305004495a9","hash":"44767dbb2502b0bb69cd22cdc5d717c0d97e7c79"}
,"D:\\Hacktiv8\\Phase 2\\Individual Project\\IP-RMT46\\brogrammer-server\\controllers\\index.js": {"path":"D:\\Hacktiv8\\Phase 2\\Individual Project\\IP-RMT46\\brogrammer-server\\controllers\\index.js","statementMap":{"0":{"start":{"line":1,"column":15},"end":{"line":1,"column":34}},"1":{"start":{"line":2,"column":13},"end":{"line":2,"column":40}},"2":{"start":{"line":3,"column":18},"end":{"line":3,"column":50}},"3":{"start":{"line":4,"column":15},"end":{"line":4,"column":44}},"4":{"start":{"line":5,"column":17},"end":{"line":5,"column":48}},"5":{"start":{"line":6,"column":16},"end":{"line":6,"column":46}},"6":{"start":{"line":8,"column":13},"end":{"line":10,"column":1}},"7":{"start":{"line":9,"column":2},"end":{"line":9,"column":72}},"8":{"start":{"line":12,"column":0},"end":{"line":29,"column":1}}},"fnMap":{"0":{"name":"(anonymous_0)","decl":{"start":{"line":8,"column":13},"end":{"line":8,"column":14}},"loc":{"start":{"line":8,"column":27},"end":{"line":10,"column":1}},"line":8}},"branchMap":{},"s":{"0":6,"1":6,"2":6,"3":6,"4":6,"5":6,"6":6,"7":0,"8":6},"f":{"0":0},"b":{},"_coverageSchema":"1a1c01bbd47fc00a2c39e90264f33305004495a9","hash":"f756d91a1140824692576b7bc0d99a96b0efd430"}
,"D:\\Hacktiv8\\Phase 2\\Individual Project\\IP-RMT46\\brogrammer-server\\controllers\\openAI.js": {"path":"D:\\Hacktiv8\\Phase 2\\Individual Project\\IP-RMT46\\brogrammer-server\\controllers\\openAI.js","statementMap":{"0":{"start":{"line":1,"column":15},"end":{"line":1,"column":32}},"1":{"start":{"line":2,"column":15},"end":{"line":2,"column":41}},"2":{"start":{"line":4,"column":15},"end":{"line":28,"column":1}},"3":{"start":{"line":5,"column":17},"end":{"line":5,"column":39}},"4":{"start":{"line":6,"column":22},"end":{"line":6,"column":30}},"5":{"start":{"line":7,"column":2},"end":{"line":27,"column":3}},"6":{"start":{"line":8,"column":4},"end":{"line":8,"column":52}},"7":{"start":{"line":8,"column":18},"end":{"line":8,"column":52}},"8":{"start":{"line":9,"column":24},"end":{"line":21,"column":6}},"9":{"start":{"line":23,"column":27},"end":{"line":23,"column":65}},"10":{"start":{"line":24,"column":4},"end":{"line":24,"column":54}},"11":{"start":{"line":26,"column":4},"end":{"line":26,"column":16}},"12":{"start":{"line":30,"column":0},"end":{"line":32,"column":2}}},"fnMap":{"0":{"name":"(anonymous_0)","decl":{"start":{"line":4,"column":15},"end":{"line":4,"column":16}},"loc":{"start":{"line":4,"column":41},"end":{"line":28,"column":1}},"line":4}},"branchMap":{"0":{"loc":{"start":{"line":8,"column":4},"end":{"line":8,"column":52}},"type":"if","locations":[{"start":{"line":8,"column":4},"end":{"line":8,"column":52}},{"start":{},"end":{}}],"line":8}},"s":{"0":6,"1":6,"2":6,"3":4,"4":4,"5":4,"6":4,"7":3,"8":1,"9":1,"10":1,"11":3,"12":6},"f":{"0":4},"b":{"0":[3,1]},"_coverageSchema":"1a1c01bbd47fc00a2c39e90264f33305004495a9","hash":"1a55f9f8a86d560101a7503fabd91926fc870202"}
,"D:\\Hacktiv8\\Phase 2\\Individual Project\\IP-RMT46\\brogrammer-server\\controllers\\profileController.js": {"path":"D:\\Hacktiv8\\Phase 2\\Individual Project\\IP-RMT46\\brogrammer-server\\controllers\\profileController.js","statementMap":{"0":{"start":{"line":1,"column":20},"end":{"line":1,"column":40}},"1":{"start":{"line":2,"column":19},"end":{"line":2,"column":43}},"2":{"start":{"line":4,"column":22},"end":{"line":26,"column":1}},"3":{"start":{"line":5,"column":17},"end":{"line":5,"column":25}},"4":{"start":{"line":6,"column":65},"end":{"line":6,"column":73}},"5":{"start":{"line":7,"column":2},"end":{"line":25,"column":3}},"6":{"start":{"line":8,"column":4},"end":{"line":21,"column":5}},"7":{"start":{"line":22,"column":4},"end":{"line":22,"column":66}},"8":{"start":{"line":24,"column":4},"end":{"line":24,"column":15}},"9":{"start":{"line":27,"column":29},"end":{"line":54,"column":1}},"10":{"start":{"line":28,"column":2},"end":{"line":53,"column":3}},"11":{"start":{"line":29,"column":19},"end":{"line":29,"column":27}},"12":{"start":{"line":30,"column":20},"end":{"line":30,"column":46}},"13":{"start":{"line":32,"column":4},"end":{"line":36,"column":7}},"14":{"start":{"line":38,"column":21},"end":{"line":38,"column":38}},"15":{"start":{"line":39,"column":17},"end":{"line":39,"column":64}},"16":{"start":{"line":40,"column":20},"end":{"line":40,"column":53}},"17":{"start":{"line":42,"column":19},"end":{"line":45,"column":6}},"18":{"start":{"line":47,"column":4},"end":{"line":47,"column":63}},"19":{"start":{"line":49,"column":4},"end":{"line":49,"column":85}},"20":{"start":{"line":51,"column":4},"end":{"line":51,"column":22}},"21":{"start":{"line":52,"column":4},"end":{"line":52,"column":15}},"22":{"start":{"line":55,"column":19},"end":{"line":70,"column":1}},"23":{"start":{"line":56,"column":17},"end":{"line":56,"column":25}},"24":{"start":{"line":57,"column":2},"end":{"line":69,"column":3}},"25":{"start":{"line":58,"column":20},"end":{"line":65,"column":6}},"26":{"start":{"line":66,"column":4},"end":{"line":66,"column":33}},"27":{"start":{"line":68,"column":4},"end":{"line":68,"column":15}},"28":{"start":{"line":72,"column":0},"end":{"line":76,"column":1}}},"fnMap":{"0":{"name":"(anonymous_0)","decl":{"start":{"line":4,"column":22},"end":{"line":4,"column":23}},"loc":{"start":{"line":4,"column":48},"end":{"line":26,"column":1}},"line":4},"1":{"name":"(anonymous_1)","decl":{"start":{"line":27,"column":29},"end":{"line":27,"column":30}},"loc":{"start":{"line":27,"column":55},"end":{"line":54,"column":1}},"line":27},"2":{"name":"(anonymous_2)","decl":{"start":{"line":55,"column":19},"end":{"line":55,"column":20}},"loc":{"start":{"line":55,"column":45},"end":{"line":70,"column":1}},"line":55}},"branchMap":{},"s":{"0":6,"1":6,"2":6,"3":1,"4":1,"5":1,"6":1,"7":1,"8":0,"9":6,"10":1,"11":1,"12":1,"13":1,"14":1,"15":1,"16":1,"17":1,"18":1,"19":1,"20":0,"21":0,"22":6,"23":1,"24":1,"25":1,"26":1,"27":0,"28":6},"f":{"0":1,"1":1,"2":1},"b":{},"_coverageSchema":"1a1c01bbd47fc00a2c39e90264f33305004495a9","hash":"8723828958c9be2388f8c0dd1f61f1a607f93757"}
,"D:\\Hacktiv8\\Phase 2\\Individual Project\\IP-RMT46\\brogrammer-server\\controllers\\subscribeController.js": {"path":"D:\\Hacktiv8\\Phase 2\\Individual Project\\IP-RMT46\\brogrammer-server\\controllers\\subscribeController.js","statementMap":{"0":{"start":{"line":1,"column":23},"end":{"line":1,"column":49}},"1":{"start":{"line":2,"column":14},"end":{"line":2,"column":30}},"2":{"start":{"line":3,"column":23},"end":{"line":3,"column":38}},"3":{"start":{"line":4,"column":31},"end":{"line":4,"column":51}},"4":{"start":{"line":6,"column":20},"end":{"line":37,"column":1}},"5":{"start":{"line":7,"column":2},"end":{"line":36,"column":3}},"6":{"start":{"line":8,"column":17},"end":{"line":12,"column":6}},"7":{"start":{"line":13,"column":20},"end":{"line":13,"column":28}},"8":{"start":{"line":15,"column":22},"end":{"line":26,"column":5}},"9":{"start":{"line":28,"column":24},"end":{"line":28,"column":63}},"10":{"start":{"line":30,"column":4},"end":{"line":33,"column":5}},"11":{"start":{"line":35,"column":4},"end":{"line":35,"column":15}},"12":{"start":{"line":39,"column":22},"end":{"line":64,"column":1}},"13":{"start":{"line":40,"column":22},"end":{"line":40,"column":32}},"14":{"start":{"line":41,"column":2},"end":{"line":63,"column":3}},"15":{"start":{"line":42,"column":22},"end":{"line":42,"column":53}},"16":{"start":{"line":43,"column":22},"end":{"line":43,"column":72}},"17":{"start":{"line":45,"column":21},"end":{"line":52,"column":6}},"18":{"start":{"line":54,"column":4},"end":{"line":55,"column":79}},"19":{"start":{"line":55,"column":6},"end":{"line":55,"column":79}},"20":{"start":{"line":57,"column":4},"end":{"line":60,"column":6}},"21":{"start":{"line":62,"column":4},"end":{"line":62,"column":15}},"22":{"start":{"line":66,"column":22},"end":{"line":88,"column":1}},"23":{"start":{"line":67,"column":17},"end":{"line":67,"column":28}},"24":{"start":{"line":68,"column":16},"end":{"line":68,"column":30}},"25":{"start":{"line":70,"column":23},"end":{"line":70,"column":33}},"26":{"start":{"line":71,"column":2},"end":{"line":87,"column":3}},"27":{"start":{"line":72,"column":19},"end":{"line":72,"column":50}},"28":{"start":{"line":73,"column":4},"end":{"line":73,"column":43}},"29":{"start":{"line":73,"column":17},"end":{"line":73,"column":43}},"30":{"start":{"line":75,"column":38},"end":{"line":75,"column":76}},"31":{"start":{"line":77,"column":23},"end":{"line":82,"column":6}},"32":{"start":{"line":84,"column":4},"end":{"line":84,"column":36}},"33":{"start":{"line":86,"column":4},"end":{"line":86,"column":15}},"34":{"start":{"line":90,"column":22},"end":{"line":107,"column":1}},"35":{"start":{"line":91,"column":17},"end":{"line":91,"column":28}},"36":{"start":{"line":92,"column":23},"end":{"line":92,"column":33}},"37":{"start":{"line":93,"column":2},"end":{"line":106,"column":3}},"38":{"start":{"line":94,"column":23},"end":{"line":100,"column":6}},"39":{"start":{"line":101,"column":4},"end":{"line":101,"column":47}},"40":{"start":{"line":101,"column":21},"end":{"line":101,"column":47}},"41":{"start":{"line":103,"column":4},"end":{"line":103,"column":36}},"42":{"start":{"line":105,"column":4},"end":{"line":105,"column":15}},"43":{"start":{"line":109,"column":25},"end":{"line":128,"column":1}},"44":{"start":{"line":110,"column":17},"end":{"line":110,"column":28}},"45":{"start":{"line":111,"column":23},"end":{"line":111,"column":33}},"46":{"start":{"line":112,"column":2},"end":{"line":127,"column":3}},"47":{"start":{"line":113,"column":23},"end":{"line":118,"column":6}},"48":{"start":{"line":119,"column":4},"end":{"line":119,"column":47}},"49":{"start":{"line":119,"column":21},"end":{"line":119,"column":47}},"50":{"start":{"line":120,"column":4},"end":{"line":120,"column":70}},"51":{"start":{"line":120,"column":43},"end":{"line":120,"column":70}},"52":{"start":{"line":122,"column":4},"end":{"line":122,"column":30}},"53":{"start":{"line":124,"column":4},"end":{"line":124,"column":68}},"54":{"start":{"line":126,"column":4},"end":{"line":126,"column":15}},"55":{"start":{"line":129,"column":0},"end":{"line":134,"column":2}}},"fnMap":{"0":{"name":"(anonymous_0)","decl":{"start":{"line":6,"column":20},"end":{"line":6,"column":21}},"loc":{"start":{"line":6,"column":44},"end":{"line":37,"column":1}},"line":6},"1":{"name":"(anonymous_1)","decl":{"start":{"line":39,"column":22},"end":{"line":39,"column":23}},"loc":{"start":{"line":39,"column":48},"end":{"line":64,"column":1}},"line":39},"2":{"name":"(anonymous_2)","decl":{"start":{"line":66,"column":22},"end":{"line":66,"column":23}},"loc":{"start":{"line":66,"column":48},"end":{"line":88,"column":1}},"line":66},"3":{"name":"(anonymous_3)","decl":{"start":{"line":90,"column":22},"end":{"line":90,"column":23}},"loc":{"start":{"line":90,"column":48},"end":{"line":107,"column":1}},"line":90},"4":{"name":"(anonymous_4)","decl":{"start":{"line":109,"column":25},"end":{"line":109,"column":26}},"loc":{"start":{"line":109,"column":51},"end":{"line":128,"column":1}},"line":109}},"branchMap":{"0":{"loc":{"start":{"line":54,"column":4},"end":{"line":55,"column":79}},"type":"if","locations":[{"start":{"line":54,"column":4},"end":{"line":55,"column":79}},{"start":{},"end":{}}],"line":54},"1":{"loc":{"start":{"line":73,"column":4},"end":{"line":73,"column":43}},"type":"if","locations":[{"start":{"line":73,"column":4},"end":{"line":73,"column":43}},{"start":{},"end":{}}],"line":73},"2":{"loc":{"start":{"line":101,"column":4},"end":{"line":101,"column":47}},"type":"if","locations":[{"start":{"line":101,"column":4},"end":{"line":101,"column":47}},{"start":{},"end":{}}],"line":101},"3":{"loc":{"start":{"line":119,"column":4},"end":{"line":119,"column":47}},"type":"if","locations":[{"start":{"line":119,"column":4},"end":{"line":119,"column":47}},{"start":{},"end":{}}],"line":119},"4":{"loc":{"start":{"line":120,"column":4},"end":{"line":120,"column":70}},"type":"if","locations":[{"start":{"line":120,"column":4},"end":{"line":120,"column":70}},{"start":{},"end":{}}],"line":120}},"s":{"0":6,"1":6,"2":6,"3":6,"4":6,"5":1,"6":1,"7":1,"8":1,"9":1,"10":1,"11":0,"12":6,"13":1,"14":1,"15":1,"16":1,"17":1,"18":1,"19":0,"20":1,"21":0,"22":6,"23":2,"24":2,"25":2,"26":2,"27":2,"28":2,"29":1,"30":1,"31":1,"32":1,"33":1,"34":6,"35":2,"36":2,"37":2,"38":2,"39":2,"40":1,"41":1,"42":1,"43":6,"44":2,"45":2,"46":2,"47":2,"48":2,"49":1,"50":1,"51":0,"52":1,"53":1,"54":1,"55":6},"f":{"0":1,"1":1,"2":2,"3":2,"4":2},"b":{"0":[0,1],"1":[1,1],"2":[1,1],"3":[1,1],"4":[0,1]},"_coverageSchema":"1a1c01bbd47fc00a2c39e90264f33305004495a9","hash":"824aca1f8529604d9532ff5f880caa1f4b16f96f"}
,"D:\\Hacktiv8\\Phase 2\\Individual Project\\IP-RMT46\\brogrammer-server\\controllers\\userController.js": {"path":"D:\\Hacktiv8\\Phase 2\\Individual Project\\IP-RMT46\\brogrammer-server\\controllers\\userController.js","statementMap":{"0":{"start":{"line":1,"column":20},"end":{"line":1,"column":48}},"1":{"start":{"line":2,"column":17},"end":{"line":2,"column":42}},"2":{"start":{"line":3,"column":26},"end":{"line":3,"column":46}},"3":{"start":{"line":4,"column":25},"end":{"line":4,"column":55}},"4":{"start":{"line":5,"column":15},"end":{"line":5,"column":33}},"5":{"start":{"line":6,"column":23},"end":{"line":6,"column":38}},"6":{"start":{"line":8,"column":17},"end":{"line":21,"column":1}},"7":{"start":{"line":9,"column":30},"end":{"line":9,"column":38}},"8":{"start":{"line":10,"column":2},"end":{"line":20,"column":3}},"9":{"start":{"line":11,"column":17},"end":{"line":11,"column":55}},"10":{"start":{"line":12,"column":4},"end":{"line":12,"column":45}},"11":{"start":{"line":14,"column":4},"end":{"line":17,"column":6}},"12":{"start":{"line":19,"column":4},"end":{"line":19,"column":15}},"13":{"start":{"line":23,"column":14},"end":{"line":41,"column":1}},"14":{"start":{"line":24,"column":30},"end":{"line":24,"column":38}},"15":{"start":{"line":25,"column":2},"end":{"line":40,"column":3}},"16":{"start":{"line":26,"column":4},"end":{"line":26,"column":68}},"17":{"start":{"line":26,"column":29},"end":{"line":26,"column":68}},"18":{"start":{"line":28,"column":17},"end":{"line":28,"column":57}},"19":{"start":{"line":29,"column":4},"end":{"line":29,"column":54}},"20":{"start":{"line":29,"column":15},"end":{"line":29,"column":54}},"21":{"start":{"line":31,"column":28},"end":{"line":31,"column":66}},"22":{"start":{"line":32,"column":4},"end":{"line":32,"column":65}},"23":{"start":{"line":32,"column":26},"end":{"line":32,"column":65}},"24":{"start":{"line":34,"column":18},"end":{"line":34,"column":39}},"25":{"start":{"line":35,"column":4},"end":{"line":35,"column":47}},"26":{"start":{"line":35,"column":16},"end":{"line":35,"column":47}},"27":{"start":{"line":37,"column":4},"end":{"line":37,"column":50}},"28":{"start":{"line":39,"column":4},"end":{"line":39,"column":15}},"29":{"start":{"line":43,"column":20},"end":{"line":74,"column":1}},"30":{"start":{"line":44,"column":26},"end":{"line":44,"column":34}},"31":{"start":{"line":45,"column":2},"end":{"line":73,"column":3}},"32":{"start":{"line":46,"column":19},"end":{"line":49,"column":6}},"33":{"start":{"line":50,"column":47},"end":{"line":50,"column":66}},"34":{"start":{"line":52,"column":28},"end":{"line":59,"column":6}},"35":{"start":{"line":61,"column":4},"end":{"line":65,"column":6}},"36":{"start":{"line":61,"column":17},"end":{"line":65,"column":6}},"37":{"start":{"line":67,"column":18},"end":{"line":67,"column":39}},"38":{"start":{"line":68,"column":4},"end":{"line":68,"column":47}},"39":{"start":{"line":68,"column":16},"end":{"line":68,"column":47}},"40":{"start":{"line":70,"column":4},"end":{"line":70,"column":50}},"41":{"start":{"line":72,"column":4},"end":{"line":72,"column":15}},"42":{"start":{"line":75,"column":0},"end":{"line":79,"column":1}}},"fnMap":{"0":{"name":"(anonymous_0)","decl":{"start":{"line":8,"column":17},"end":{"line":8,"column":18}},"loc":{"start":{"line":8,"column":43},"end":{"line":21,"column":1}},"line":8},"1":{"name":"(anonymous_1)","decl":{"start":{"line":23,"column":14},"end":{"line":23,"column":15}},"loc":{"start":{"line":23,"column":40},"end":{"line":41,"column":1}},"line":23},"2":{"name":"(anonymous_2)","decl":{"start":{"line":43,"column":20},"end":{"line":43,"column":21}},"loc":{"start":{"line":43,"column":46},"end":{"line":74,"column":1}},"line":43}},"branchMap":{"0":{"loc":{"start":{"line":26,"column":4},"end":{"line":26,"column":68}},"type":"if","locations":[{"start":{"line":26,"column":4},"end":{"line":26,"column":68}},{"start":{},"end":{}}],"line":26},"1":{"loc":{"start":{"line":26,"column":8},"end":{"line":26,"column":27}},"type":"binary-expr","locations":[{"start":{"line":26,"column":8},"end":{"line":26,"column":14}},{"start":{"line":26,"column":18},"end":{"line":26,"column":27}}],"line":26},"2":{"loc":{"start":{"line":29,"column":4},"end":{"line":29,"column":54}},"type":"if","locations":[{"start":{"line":29,"column":4},"end":{"line":29,"column":54}},{"start":{},"end":{}}],"line":29},"3":{"loc":{"start":{"line":32,"column":4},"end":{"line":32,"column":65}},"type":"if","locations":[{"start":{"line":32,"column":4},"end":{"line":32,"column":65}},{"start":{},"end":{}}],"line":32},"4":{"loc":{"start":{"line":35,"column":4},"end":{"line":35,"column":47}},"type":"if","locations":[{"start":{"line":35,"column":4},"end":{"line":35,"column":47}},{"start":{},"end":{}}],"line":35},"5":{"loc":{"start":{"line":61,"column":4},"end":{"line":65,"column":6}},"type":"if","locations":[{"start":{"line":61,"column":4},"end":{"line":65,"column":6}},{"start":{},"end":{}}],"line":61},"6":{"loc":{"start":{"line":68,"column":4},"end":{"line":68,"column":47}},"type":"if","locations":[{"start":{"line":68,"column":4},"end":{"line":68,"column":47}},{"start":{},"end":{}}],"line":68}},"s":{"0":6,"1":6,"2":6,"3":6,"4":6,"5":6,"6":6,"7":4,"8":4,"9":4,"10":1,"11":1,"12":3,"13":6,"14":6,"15":6,"16":6,"17":3,"18":3,"19":3,"20":1,"21":2,"22":2,"23":1,"24":1,"25":1,"26":0,"27":1,"28":5,"29":6,"30":1,"31":1,"32":1,"33":0,"34":0,"35":0,"36":0,"37":0,"38":0,"39":0,"40":0,"41":1,"42":6},"f":{"0":4,"1":6,"2":1},"b":{"0":[3,3],"1":[6,4],"2":[1,2],"3":[1,1],"4":[0,1],"5":[0,0],"6":[0,0]},"_coverageSchema":"1a1c01bbd47fc00a2c39e90264f33305004495a9","hash":"e0f641fbe09f42625384a1bb7e29d05f96dd4662"}
,"D:\\Hacktiv8\\Phase 2\\Individual Project\\IP-RMT46\\brogrammer-server\\helpers\\bcrypt.js": {"path":"D:\\Hacktiv8\\Phase 2\\Individual Project\\IP-RMT46\\brogrammer-server\\helpers\\bcrypt.js","statementMap":{"0":{"start":{"line":1,"column":47},"end":{"line":1,"column":64}},"1":{"start":{"line":3,"column":0},"end":{"line":6,"column":1}},"2":{"start":{"line":4,"column":22},"end":{"line":4,"column":63}},"3":{"start":{"line":5,"column":31},"end":{"line":5,"column":58}}},"fnMap":{"0":{"name":"(anonymous_0)","decl":{"start":{"line":4,"column":8},"end":{"line":4,"column":9}},"loc":{"start":{"line":4,"column":22},"end":{"line":4,"column":63}},"line":4},"1":{"name":"(anonymous_1)","decl":{"start":{"line":5,"column":11},"end":{"line":5,"column":12}},"loc":{"start":{"line":5,"column":31},"end":{"line":5,"column":58}},"line":5}},"branchMap":{},"s":{"0":6,"1":6,"2":20,"3":2},"f":{"0":20,"1":2},"b":{},"_coverageSchema":"1a1c01bbd47fc00a2c39e90264f33305004495a9","hash":"ce781b0a12780619790d2f6d6f37b00cae635633"}
,"D:\\Hacktiv8\\Phase 2\\Individual Project\\IP-RMT46\\brogrammer-server\\helpers\\jwt.js": {"path":"D:\\Hacktiv8\\Phase 2\\Individual Project\\IP-RMT46\\brogrammer-server\\helpers\\jwt.js","statementMap":{"0":{"start":{"line":1,"column":21},"end":{"line":1,"column":44}},"1":{"start":{"line":2,"column":15},"end":{"line":2,"column":37}},"2":{"start":{"line":4,"column":0},"end":{"line":7,"column":1}},"3":{"start":{"line":5,"column":21},"end":{"line":5,"column":55}},"4":{"start":{"line":6,"column":21},"end":{"line":6,"column":55}}},"fnMap":{"0":{"name":"(anonymous_0)","decl":{"start":{"line":5,"column":8},"end":{"line":5,"column":9}},"loc":{"start":{"line":5,"column":21},"end":{"line":5,"column":55}},"line":5},"1":{"name":"(anonymous_1)","decl":{"start":{"line":6,"column":10},"end":{"line":6,"column":11}},"loc":{"start":{"line":6,"column":21},"end":{"line":6,"column":55}},"line":6}},"branchMap":{},"s":{"0":6,"1":6,"2":6,"3":7,"4":29},"f":{"0":7,"1":29},"b":{},"_coverageSchema":"1a1c01bbd47fc00a2c39e90264f33305004495a9","hash":"2112c27bc69ec8b81cc0477ad722c70e296589ce"}
,"D:\\Hacktiv8\\Phase 2\\Individual Project\\IP-RMT46\\brogrammer-server\\helpers\\tester.js": {"path":"D:\\Hacktiv8\\Phase 2\\Individual Project\\IP-RMT46\\brogrammer-server\\helpers\\tester.js","statementMap":{"0":{"start":{"line":1,"column":22},"end":{"line":1,"column":42}},"1":{"start":{"line":2,"column":17},"end":{"line":2,"column":45}},"2":{"start":{"line":3,"column":23},"end":{"line":3,"column":38}},"3":{"start":{"line":4,"column":27},"end":{"line":4,"column":36}},"4":{"start":{"line":6,"column":19},"end":{"line":89,"column":1}},"5":{"start":{"line":7,"column":2},"end":{"line":88,"column":3}},"6":{"start":{"line":8,"column":22},"end":{"line":17,"column":6}},"7":{"start":{"line":9,"column":6},"end":{"line":16,"column":7}},"8":{"start":{"line":19,"column":4},"end":{"line":19,"column":59}},"9":{"start":{"line":21,"column":21},"end":{"line":21,"column":23}},"10":{"start":{"line":22,"column":4},"end":{"line":28,"column":5}},"11":{"start":{"line":22,"column":17},"end":{"line":22,"column":18}},"12":{"start":{"line":23,"column":6},"end":{"line":27,"column":8}},"13":{"start":{"line":29,"column":4},"end":{"line":29,"column":61}},"14":{"start":{"line":31,"column":27},"end":{"line":38,"column":6}},"15":{"start":{"line":32,"column":6},"end":{"line":37,"column":7}},"16":{"start":{"line":40,"column":4},"end":{"line":40,"column":69}},"17":{"start":{"line":42,"column":24},"end":{"line":54,"column":6}},"18":{"start":{"line":43,"column":6},"end":{"line":53,"column":7}},"19":{"start":{"line":56,"column":4},"end":{"line":56,"column":63}},"20":{"start":{"line":58,"column":23},"end":{"line":68,"column":6}},"21":{"start":{"line":59,"column":6},"end":{"line":67,"column":7}},"22":{"start":{"line":70,"column":4},"end":{"line":70,"column":61}},"23":{"start":{"line":72,"column":28},"end":{"line":82,"column":5}},"24":{"start":{"line":84,"column":4},"end":{"line":84,"column":71}},"25":{"start":{"line":87,"column":4},"end":{"line":87,"column":22}},"26":{"start":{"line":91,"column":19},"end":{"line":121,"column":1}},"27":{"start":{"line":92,"column":2},"end":{"line":96,"column":5}},"28":{"start":{"line":98,"column":2},"end":{"line":102,"column":5}},"29":{"start":{"line":104,"column":2},"end":{"line":108,"column":5}},"30":{"start":{"line":110,"column":2},"end":{"line":114,"column":5}},"31":{"start":{"line":116,"column":2},"end":{"line":120,"column":5}},"32":{"start":{"line":123,"column":0},"end":{"line":123,"column":43}}},"fnMap":{"0":{"name":"(anonymous_0)","decl":{"start":{"line":6,"column":19},"end":{"line":6,"column":20}},"loc":{"start":{"line":6,"column":31},"end":{"line":89,"column":1}},"line":6},"1":{"name":"(anonymous_1)","decl":{"start":{"line":8,"column":56},"end":{"line":8,"column":57}},"loc":{"start":{"line":8,"column":66},"end":{"line":17,"column":5}},"line":8},"2":{"name":"(anonymous_2)","decl":{"start":{"line":31,"column":66},"end":{"line":31,"column":67}},"loc":{"start":{"line":31,"column":80},"end":{"line":38,"column":5}},"line":31},"3":{"name":"(anonymous_3)","decl":{"start":{"line":42,"column":60},"end":{"line":42,"column":61}},"loc":{"start":{"line":42,"column":72},"end":{"line":54,"column":5}},"line":42},"4":{"name":"(anonymous_4)","decl":{"start":{"line":58,"column":58},"end":{"line":58,"column":59}},"loc":{"start":{"line":58,"column":69},"end":{"line":68,"column":5}},"line":58},"5":{"name":"(anonymous_5)","decl":{"start":{"line":91,"column":19},"end":{"line":91,"column":20}},"loc":{"start":{"line":91,"column":31},"end":{"line":121,"column":1}},"line":91}},"branchMap":{},"s":{"0":6,"1":6,"2":6,"3":6,"4":6,"5":6,"6":6,"7":18,"8":6,"9":4,"10":4,"11":4,"12":12,"13":4,"14":4,"15":16,"16":4,"17":4,"18":12,"19":4,"20":4,"21":36,"22":4,"23":3,"24":3,"25":3,"26":6,"27":6,"28":6,"29":6,"30":6,"31":6,"32":6},"f":{"0":6,"1":18,"2":16,"3":12,"4":36,"5":6},"b":{},"_coverageSchema":"1a1c01bbd47fc00a2c39e90264f33305004495a9","hash":"e5ae10659440e684df186bdb48ea7838e304eccd"}
,"D:\\Hacktiv8\\Phase 2\\Individual Project\\IP-RMT46\\brogrammer-server\\middlewares\\authentication.js": {"path":"D:\\Hacktiv8\\Phase 2\\Individual Project\\IP-RMT46\\brogrammer-server\\middlewares\\authentication.js","statementMap":{"0":{"start":{"line":1,"column":19},"end":{"line":1,"column":44}},"1":{"start":{"line":2,"column":17},"end":{"line":2,"column":37}},"2":{"start":{"line":4,"column":23},"end":{"line":26,"column":1}},"3":{"start":{"line":5,"column":2},"end":{"line":25,"column":3}},"4":{"start":{"line":6,"column":30},"end":{"line":6,"column":41}},"5":{"start":{"line":7,"column":4},"end":{"line":7,"column":55}},"6":{"start":{"line":7,"column":24},"end":{"line":7,"column":55}},"7":{"start":{"line":9,"column":26},"end":{"line":9,"column":50}},"8":{"start":{"line":10,"column":4},"end":{"line":10,"column":58}},"9":{"start":{"line":10,"column":27},"end":{"line":10,"column":58}},"10":{"start":{"line":12,"column":20},"end":{"line":12,"column":33}},"11":{"start":{"line":14,"column":17},"end":{"line":14,"column":48}},"12":{"start":{"line":15,"column":4},"end":{"line":15,"column":46}},"13":{"start":{"line":15,"column":15},"end":{"line":15,"column":46}},"14":{"start":{"line":17,"column":4},"end":{"line":21,"column":5}},"15":{"start":{"line":22,"column":4},"end":{"line":22,"column":11}},"16":{"start":{"line":24,"column":4},"end":{"line":24,"column":16}},"17":{"start":{"line":28,"column":0},"end":{"line":28,"column":32}}},"fnMap":{"0":{"name":"(anonymous_0)","decl":{"start":{"line":4,"column":23},"end":{"line":4,"column":24}},"loc":{"start":{"line":4,"column":49},"end":{"line":26,"column":1}},"line":4}},"branchMap":{"0":{"loc":{"start":{"line":7,"column":4},"end":{"line":7,"column":55}},"type":"if","locations":[{"start":{"line":7,"column":4},"end":{"line":7,"column":55}},{"start":{},"end":{}}],"line":7},"1":{"loc":{"start":{"line":10,"column":4},"end":{"line":10,"column":58}},"type":"if","locations":[{"start":{"line":10,"column":4},"end":{"line":10,"column":58}},{"start":{},"end":{}}],"line":10},"2":{"loc":{"start":{"line":15,"column":4},"end":{"line":15,"column":46}},"type":"if","locations":[{"start":{"line":15,"column":4},"end":{"line":15,"column":46}},{"start":{},"end":{}}],"line":15}},"s":{"0":6,"1":6,"2":6,"3":42,"4":42,"5":42,"6":12,"7":30,"8":30,"9":1,"10":29,"11":18,"12":18,"13":0,"14":18,"15":18,"16":24,"17":6},"f":{"0":42},"b":{"0":[12,30],"1":[1,29],"2":[0,18]},"_coverageSchema":"1a1c01bbd47fc00a2c39e90264f33305004495a9","hash":"aa867f934440af62db29772f07f8ccc6c5977710"}
,"D:\\Hacktiv8\\Phase 2\\Individual Project\\IP-RMT46\\brogrammer-server\\middlewares\\errorHandler.js": {"path":"D:\\Hacktiv8\\Phase 2\\Individual Project\\IP-RMT46\\brogrammer-server\\middlewares\\errorHandler.js","statementMap":{"0":{"start":{"line":1,"column":0},"end":{"line":41,"column":1}},"1":{"start":{"line":2,"column":34},"end":{"line":2,"column":39}},"2":{"start":{"line":3,"column":2},"end":{"line":38,"column":3}},"3":{"start":{"line":5,"column":6},"end":{"line":5,"column":19}},"4":{"start":{"line":6,"column":6},"end":{"line":6,"column":40}},"5":{"start":{"line":7,"column":6},"end":{"line":7,"column":12}},"6":{"start":{"line":9,"column":6},"end":{"line":9,"column":19}},"7":{"start":{"line":10,"column":6},"end":{"line":10,"column":37}},"8":{"start":{"line":11,"column":6},"end":{"line":11,"column":12}},"9":{"start":{"line":14,"column":6},"end":{"line":14,"column":19}},"10":{"start":{"line":15,"column":6},"end":{"line":15,"column":36}},"11":{"start":{"line":16,"column":6},"end":{"line":16,"column":12}},"12":{"start":{"line":18,"column":6},"end":{"line":18,"column":19}},"13":{"start":{"line":19,"column":6},"end":{"line":19,"column":44}},"14":{"start":{"line":20,"column":6},"end":{"line":20,"column":12}},"15":{"start":{"line":22,"column":6},"end":{"line":22,"column":19}},"16":{"start":{"line":23,"column":6},"end":{"line":23,"column":37}},"17":{"start":{"line":24,"column":6},"end":{"line":24,"column":12}},"18":{"start":{"line":27,"column":6},"end":{"line":27,"column":19}},"19":{"start":{"line":28,"column":6},"end":{"line":28,"column":38}},"20":{"start":{"line":29,"column":6},"end":{"line":29,"column":12}},"21":{"start":{"line":31,"column":6},"end":{"line":31,"column":19}},"22":{"start":{"line":32,"column":6},"end":{"line":32,"column":33}},"23":{"start":{"line":33,"column":6},"end":{"line":33,"column":12}},"24":{"start":{"line":35,"column":6},"end":{"line":35,"column":19}},"25":{"start":{"line":36,"column":6},"end":{"line":36,"column":40}},"26":{"start":{"line":37,"column":6},"end":{"line":37,"column":12}},"27":{"start":{"line":40,"column":2},"end":{"line":40,"column":39}}},"fnMap":{"0":{"name":"(anonymous_0)","decl":{"start":{"line":1,"column":17},"end":{"line":1,"column":18}},"loc":{"start":{"line":1,"column":44},"end":{"line":41,"column":1}},"line":1}},"branchMap":{"0":{"loc":{"start":{"line":3,"column":2},"end":{"line":38,"column":3}},"type":"switch","locations":[{"start":{"line":4,"column":4},"end":{"line":7,"column":12}},{"start":{"line":8,"column":4},"end":{"line":11,"column":12}},{"start":{"line":12,"column":4},"end":{"line":12,"column":46}},{"start":{"line":13,"column":4},"end":{"line":16,"column":12}},{"start":{"line":17,"column":4},"end":{"line":20,"column":12}},{"start":{"line":21,"column":4},"end":{"line":24,"column":12}},{"start":{"line":25,"column":4},"end":{"line":25,"column":24}},{"start":{"line":26,"column":4},"end":{"line":29,"column":12}},{"start":{"line":30,"column":4},"end":{"line":33,"column":12}},{"start":{"line":34,"column":4},"end":{"line":37,"column":12}}],"line":3}},"s":{"0":6,"1":39,"2":39,"3":2,"4":2,"5":2,"6":1,"7":1,"8":1,"9":0,"10":0,"11":0,"12":5,"13":5,"14":5,"15":3,"16":3,"17":3,"18":24,"19":24,"20":24,"21":3,"22":3,"23":3,"24":1,"25":1,"26":1,"27":39},"f":{"0":39},"b":{"0":[2,1,0,0,5,3,13,24,3,1]},"_coverageSchema":"1a1c01bbd47fc00a2c39e90264f33305004495a9","hash":"993f7952bedc9104ff7b59542fcf13f76f7ea1ea"}
,"D:\\Hacktiv8\\Phase 2\\Individual Project\\IP-RMT46\\brogrammer-server\\middlewares\\multer.js": {"path":"D:\\Hacktiv8\\Phase 2\\Individual Project\\IP-RMT46\\brogrammer-server\\middlewares\\multer.js","statementMap":{"0":{"start":{"line":1,"column":15},"end":{"line":1,"column":32}},"1":{"start":{"line":3,"column":15},"end":{"line":3,"column":58}},"2":{"start":{"line":5,"column":0},"end":{"line":5,"column":23}}},"fnMap":{},"branchMap":{},"s":{"0":6,"1":6,"2":6},"f":{},"b":{},"_coverageSchema":"1a1c01bbd47fc00a2c39e90264f33305004495a9","hash":"148197bc190cb87dad4f72cd1fd4b0542f7a3901"}
,"D:\\Hacktiv8\\Phase 2\\Individual Project\\IP-RMT46\\brogrammer-server\\models\\category.js": {"path":"D:\\Hacktiv8\\Phase 2\\Individual Project\\IP-RMT46\\brogrammer-server\\models\\category.js","statementMap":{"0":{"start":{"line":4,"column":4},"end":{"line":4,"column":24}},"1":{"start":{"line":5,"column":0},"end":{"line":47,"column":2}},"2":{"start":{"line":8,"column":6},"end":{"line":10,"column":8}},"3":{"start":{"line":13,"column":2},"end":{"line":45,"column":5}},"4":{"start":{"line":46,"column":2},"end":{"line":46,"column":18}}},"fnMap":{"0":{"name":"(anonymous_0)","decl":{"start":{"line":5,"column":17},"end":{"line":5,"column":18}},"loc":{"start":{"line":5,"column":43},"end":{"line":47,"column":1}},"line":5},"1":{"name":"(anonymous_1)","decl":{"start":{"line":7,"column":4},"end":{"line":7,"column":5}},"loc":{"start":{"line":7,"column":29},"end":{"line":11,"column":5}},"line":7}},"branchMap":{},"s":{"0":6,"1":6,"2":6,"3":6,"4":6},"f":{"0":6,"1":6},"b":{},"_coverageSchema":"1a1c01bbd47fc00a2c39e90264f33305004495a9","hash":"fee5e34db07265817f1c721148c3df75b385926a"}
,"D:\\Hacktiv8\\Phase 2\\Individual Project\\IP-RMT46\\brogrammer-server\\models\\course.js": {"path":"D:\\Hacktiv8\\Phase 2\\Individual Project\\IP-RMT46\\brogrammer-server\\models\\course.js","statementMap":{"0":{"start":{"line":4,"column":4},"end":{"line":4,"column":24}},"1":{"start":{"line":5,"column":0},"end":{"line":114,"column":2}},"2":{"start":{"line":8,"column":6},"end":{"line":10,"column":8}},"3":{"start":{"line":11,"column":6},"end":{"line":13,"column":8}},"4":{"start":{"line":14,"column":6},"end":{"line":16,"column":8}},"5":{"start":{"line":17,"column":6},"end":{"line":19,"column":8}},"6":{"start":{"line":22,"column":2},"end":{"line":112,"column":5}},"7":{"start":{"line":113,"column":2},"end":{"line":113,"column":16}}},"fnMap":{"0":{"name":"(anonymous_0)","decl":{"start":{"line":5,"column":17},"end":{"line":5,"column":18}},"loc":{"start":{"line":5,"column":43},"end":{"line":114,"column":1}},"line":5},"1":{"name":"(anonymous_1)","decl":{"start":{"line":7,"column":4},"end":{"line":7,"column":5}},"loc":{"start":{"line":7,"column":29},"end":{"line":20,"column":5}},"line":7}},"branchMap":{},"s":{"0":6,"1":6,"2":6,"3":6,"4":6,"5":6,"6":6,"7":6},"f":{"0":6,"1":6},"b":{},"_coverageSchema":"1a1c01bbd47fc00a2c39e90264f33305004495a9","hash":"0a2c2b09d34accfd2ddfbcf4067a7a5f9862d200"}
,"D:\\Hacktiv8\\Phase 2\\Individual Project\\IP-RMT46\\brogrammer-server\\models\\index.js": {"path":"D:\\Hacktiv8\\Phase 2\\Individual Project\\IP-RMT46\\brogrammer-server\\models\\index.js","statementMap":{"0":{"start":{"line":3,"column":11},"end":{"line":3,"column":24}},"1":{"start":{"line":4,"column":13},"end":{"line":4,"column":28}},"2":{"start":{"line":5,"column":18},"end":{"line":5,"column":38}},"3":{"start":{"line":6,"column":16},"end":{"line":6,"column":34}},"4":{"start":{"line":7,"column":17},"end":{"line":7,"column":42}},"5":{"start":{"line":8,"column":12},"end":{"line":8,"column":49}},"6":{"start":{"line":9,"column":15},"end":{"line":9,"column":65}},"7":{"start":{"line":10,"column":11},"end":{"line":10,"column":13}},"8":{"start":{"line":13,"column":0},"end":{"line":17,"column":1}},"9":{"start":{"line":14,"column":2},"end":{"line":14,"column":74}},"10":{"start":{"line":16,"column":2},"end":{"line":16,"column":87}},"11":{"start":{"line":19,"column":0},"end":{"line":32,"column":5}},"12":{"start":{"line":22,"column":4},"end":{"line":27,"column":6}},"13":{"start":{"line":30,"column":18},"end":{"line":30,"column":85}},"14":{"start":{"line":31,"column":4},"end":{"line":31,"column":27}},"15":{"start":{"line":34,"column":0},"end":{"line":38,"column":3}},"16":{"start":{"line":35,"column":2},"end":{"line":37,"column":3}},"17":{"start":{"line":36,"column":4},"end":{"line":36,"column":32}},"18":{"start":{"line":40,"column":0},"end":{"line":40,"column":25}},"19":{"start":{"line":41,"column":0},"end":{"line":41,"column":25}},"20":{"start":{"line":43,"column":0},"end":{"line":43,"column":20}}},"fnMap":{"0":{"name":"(anonymous_0)","decl":{"start":{"line":21,"column":10},"end":{"line":21,"column":11}},"loc":{"start":{"line":21,"column":18},"end":{"line":28,"column":3}},"line":21},"1":{"name":"(anonymous_1)","decl":{"start":{"line":29,"column":11},"end":{"line":29,"column":12}},"loc":{"start":{"line":29,"column":19},"end":{"line":32,"column":3}},"line":29},"2":{"name":"(anonymous_2)","decl":{"start":{"line":34,"column":24},"end":{"line":34,"column":25}},"loc":{"start":{"line":34,"column":37},"end":{"line":38,"column":1}},"line":34}},"branchMap":{"0":{"loc":{"start":{"line":8,"column":12},"end":{"line":8,"column":49}},"type":"binary-expr","locations":[{"start":{"line":8,"column":12},"end":{"line":8,"column":32}},{"start":{"line":8,"column":36},"end":{"line":8,"column":49}}],"line":8},"1":{"loc":{"start":{"line":13,"column":0},"end":{"line":17,"column":1}},"type":"if","locations":[{"start":{"line":13,"column":0},"end":{"line":17,"column":1}},{"start":{"line":15,"column":7},"end":{"line":17,"column":1}}],"line":13},"2":{"loc":{"start":{"line":23,"column":6},"end":{"line":26,"column":37}},"type":"binary-expr","locations":[{"start":{"line":23,"column":6},"end":{"line":23,"column":29}},{"start":{"line":24,"column":6},"end":{"line":24,"column":23}},{"start":{"line":25,"column":6},"end":{"line":25,"column":30}},{"start":{"line":26,"column":6},"end":{"line":26,"column":37}}],"line":23},"3":{"loc":{"start":{"line":35,"column":2},"end":{"line":37,"column":3}},"type":"if","locations":[{"start":{"line":35,"column":2},"end":{"line":37,"column":3}},{"start":{},"end":{}}],"line":35}},"s":{"0":6,"1":6,"2":6,"3":6,"4":6,"5":6,"6":6,"7":6,"8":6,"9":0,"10":6,"11":6,"12":42,"13":36,"14":36,"15":6,"16":36,"17":36,"18":6,"19":6,"20":6},"f":{"0":42,"1":36,"2":36},"b":{"0":[6,0],"1":[0,6],"2":[42,42,36,36],"3":[36,0]},"_coverageSchema":"1a1c01bbd47fc00a2c39e90264f33305004495a9","hash":"7dfdbc5c632622296b51903b205a2095a8e9f435"}
,"D:\\Hacktiv8\\Phase 2\\Individual Project\\IP-RMT46\\brogrammer-server\\models\\profile.js": {"path":"D:\\Hacktiv8\\Phase 2\\Individual Project\\IP-RMT46\\brogrammer-server\\models\\profile.js","statementMap":{"0":{"start":{"line":4,"column":4},"end":{"line":4,"column":24}},"1":{"start":{"line":5,"column":0},"end":{"line":58,"column":2}},"2":{"start":{"line":8,"column":6},"end":{"line":10,"column":8}},"3":{"start":{"line":13,"column":2},"end":{"line":56,"column":5}},"4":{"start":{"line":57,"column":2},"end":{"line":57,"column":17}}},"fnMap":{"0":{"name":"(anonymous_0)","decl":{"start":{"line":5,"column":17},"end":{"line":5,"column":18}},"loc":{"start":{"line":5,"column":43},"end":{"line":58,"column":1}},"line":5},"1":{"name":"(anonymous_1)","decl":{"start":{"line":7,"column":4},"end":{"line":7,"column":5}},"loc":{"start":{"line":7,"column":29},"end":{"line":11,"column":5}},"line":7}},"branchMap":{},"s":{"0":6,"1":6,"2":6,"3":6,"4":6},"f":{"0":6,"1":6},"b":{},"_coverageSchema":"1a1c01bbd47fc00a2c39e90264f33305004495a9","hash":"a4eea1e4ee5d94025debead8e30f35b2d265eacd"}
,"D:\\Hacktiv8\\Phase 2\\Individual Project\\IP-RMT46\\brogrammer-server\\models\\subscriber.js": {"path":"D:\\Hacktiv8\\Phase 2\\Individual Project\\IP-RMT46\\brogrammer-server\\models\\subscriber.js","statementMap":{"0":{"start":{"line":4,"column":4},"end":{"line":4,"column":24}},"1":{"start":{"line":6,"column":0},"end":{"line":74,"column":2}},"2":{"start":{"line":9,"column":6},"end":{"line":11,"column":8}},"3":{"start":{"line":12,"column":6},"end":{"line":14,"column":8}},"4":{"start":{"line":17,"column":2},"end":{"line":72,"column":5}},"5":{"start":{"line":73,"column":2},"end":{"line":73,"column":20}}},"fnMap":{"0":{"name":"(anonymous_0)","decl":{"start":{"line":6,"column":17},"end":{"line":6,"column":18}},"loc":{"start":{"line":6,"column":43},"end":{"line":74,"column":1}},"line":6},"1":{"name":"(anonymous_1)","decl":{"start":{"line":8,"column":4},"end":{"line":8,"column":5}},"loc":{"start":{"line":8,"column":29},"end":{"line":15,"column":5}},"line":8}},"branchMap":{},"s":{"0":6,"1":6,"2":6,"3":6,"4":6,"5":6},"f":{"0":6,"1":6},"b":{},"_coverageSchema":"1a1c01bbd47fc00a2c39e90264f33305004495a9","hash":"c1fe382d9a075b8a338bd2fe3244e682460254ca"}
,"D:\\Hacktiv8\\Phase 2\\Individual Project\\IP-RMT46\\brogrammer-server\\models\\user.js": {"path":"D:\\Hacktiv8\\Phase 2\\Individual Project\\IP-RMT46\\brogrammer-server\\models\\user.js","statementMap":{"0":{"start":{"line":4,"column":4},"end":{"line":4,"column":24}},"1":{"start":{"line":5,"column":17},"end":{"line":5,"column":45}},"2":{"start":{"line":6,"column":0},"end":{"line":88,"column":2}},"3":{"start":{"line":9,"column":6},"end":{"line":9,"column":60}},"4":{"start":{"line":10,"column":6},"end":{"line":10,"column":61}},"5":{"start":{"line":11,"column":6},"end":{"line":11,"column":63}},"6":{"start":{"line":14,"column":2},"end":{"line":86,"column":5}},"7":{"start":{"line":83,"column":8},"end":{"line":83,"column":43}},"8":{"start":{"line":87,"column":2},"end":{"line":87,"column":14}}},"fnMap":{"0":{"name":"(anonymous_0)","decl":{"start":{"line":6,"column":17},"end":{"line":6,"column":18}},"loc":{"start":{"line":6,"column":43},"end":{"line":88,"column":1}},"line":6},"1":{"name":"(anonymous_1)","decl":{"start":{"line":8,"column":4},"end":{"line":8,"column":5}},"loc":{"start":{"line":8,"column":29},"end":{"line":12,"column":5}},"line":8},"2":{"name":"(anonymous_2)","decl":{"start":{"line":82,"column":20},"end":{"line":82,"column":21}},"loc":{"start":{"line":82,"column":30},"end":{"line":84,"column":7}},"line":82}},"branchMap":{},"s":{"0":6,"1":6,"2":6,"3":6,"4":6,"5":6,"6":6,"7":2,"8":6},"f":{"0":6,"1":6,"2":2},"b":{},"_coverageSchema":"1a1c01bbd47fc00a2c39e90264f33305004495a9","hash":"6d6bca08532eda026b7b850b52f94d430f9cf670"}
,"D:\\Hacktiv8\\Phase 2\\Individual Project\\IP-RMT46\\brogrammer-server\\models\\video.js": {"path":"D:\\Hacktiv8\\Phase 2\\Individual Project\\IP-RMT46\\brogrammer-server\\models\\video.js","statementMap":{"0":{"start":{"line":4,"column":4},"end":{"line":4,"column":24}},"1":{"start":{"line":5,"column":0},"end":{"line":95,"column":2}},"2":{"start":{"line":8,"column":6},"end":{"line":10,"column":8}},"3":{"start":{"line":13,"column":2},"end":{"line":93,"column":5}},"4":{"start":{"line":94,"column":2},"end":{"line":94,"column":15}}},"fnMap":{"0":{"name":"(anonymous_0)","decl":{"start":{"line":5,"column":17},"end":{"line":5,"column":18}},"loc":{"start":{"line":5,"column":43},"end":{"line":95,"column":1}},"line":5},"1":{"name":"(anonymous_1)","decl":{"start":{"line":7,"column":4},"end":{"line":7,"column":5}},"loc":{"start":{"line":7,"column":29},"end":{"line":11,"column":5}},"line":7}},"branchMap":{},"s":{"0":6,"1":6,"2":6,"3":6,"4":6},"f":{"0":6,"1":6},"b":{},"_coverageSchema":"1a1c01bbd47fc00a2c39e90264f33305004495a9","hash":"c3a8a282cf6c7fb08841fd8349f400751fbb25b3"}
,"D:\\Hacktiv8\\Phase 2\\Individual Project\\IP-RMT46\\brogrammer-server\\routers\\index.js": {"path":"D:\\Hacktiv8\\Phase 2\\Individual Project\\IP-RMT46\\brogrammer-server\\routers\\index.js","statementMap":{"0":{"start":{"line":1,"column":16},"end":{"line":1,"column":34}},"1":{"start":{"line":2,"column":19},"end":{"line":2,"column":44}},"2":{"start":{"line":3,"column":23},"end":{"line":3,"column":63}},"3":{"start":{"line":4,"column":15},"end":{"line":4,"column":47}},"4":{"start":{"line":6,"column":15},"end":{"line":6,"column":31}},"5":{"start":{"line":8,"column":0},"end":{"line":8,"column":33}},"6":{"start":{"line":10,"column":0},"end":{"line":10,"column":46}},"7":{"start":{"line":11,"column":0},"end":{"line":11,"column":40}},"8":{"start":{"line":12,"column":0},"end":{"line":12,"column":53}},"9":{"start":{"line":14,"column":0},"end":{"line":14,"column":27}},"10":{"start":{"line":15,"column":0},"end":{"line":15,"column":45}},"11":{"start":{"line":16,"column":0},"end":{"line":16,"column":53}},"12":{"start":{"line":17,"column":0},"end":{"line":17,"column":50}},"13":{"start":{"line":19,"column":0},"end":{"line":19,"column":51}},"14":{"start":{"line":21,"column":0},"end":{"line":21,"column":40}},"15":{"start":{"line":23,"column":0},"end":{"line":23,"column":64}},"16":{"start":{"line":24,"column":0},"end":{"line":24,"column":59}},"17":{"start":{"line":25,"column":0},"end":{"line":25,"column":62}},"18":{"start":{"line":26,"column":0},"end":{"line":26,"column":68}},"19":{"start":{"line":28,"column":0},"end":{"line":28,"column":46}},"20":{"start":{"line":29,"column":0},"end":{"line":29,"column":49}},"21":{"start":{"line":30,"column":0},"end":{"line":30,"column":91}},"22":{"start":{"line":32,"column":0},"end":{"line":32,"column":24}}},"fnMap":{},"branchMap":{},"s":{"0":6,"1":6,"2":6,"3":6,"4":6,"5":6,"6":6,"7":6,"8":6,"9":6,"10":6,"11":6,"12":6,"13":6,"14":6,"15":6,"16":6,"17":6,"18":6,"19":6,"20":6,"21":6,"22":6},"f":{},"b":{},"_coverageSchema":"1a1c01bbd47fc00a2c39e90264f33305004495a9","hash":"34dbcf041def2907716aaacf41727d864ceed2de"}
}
