TN:
SF:app.js
FNF:0
FNH:0
DA:1,6
DA:2,6
DA:4,6
DA:5,6
DA:6,6
DA:7,6
DA:8,6
DA:10,6
DA:11,6
DA:12,6
DA:13,6
DA:14,6
DA:16,6
LF:13
LH:13
BRDA:1,0,0,6
BRDA:1,0,1,0
BRF:2
BRH:1
end_of_record
TN:
SF:controllers\categoryController.js
FN:3,(anonymous_0)
FNF:1
FNH:1
FNDA:1,(anonymous_0)
DA:1,6
DA:3,6
DA:4,1
DA:5,1
DA:8,1
DA:10,1
DA:14,6
LF:7
LH:7
BRF:0
BRH:0
end_of_record
TN:
SF:controllers\courseController.js
FN:4,(anonymous_0)
FN:50,(anonymous_1)
FN:75,(anonymous_2)
FNF:3
FNH:3
FNDA:1,(anonymous_0)
FNDA:1,(anonymous_1)
FNDA:1,(anonymous_2)
DA:1,6
DA:2,6
DA:4,6
DA:5,1
DA:6,1
DA:17,1
DA:18,1
DA:20,1
DA:22,1
DA:23,1
DA:24,0
DA:26,1
DA:29,1
DA:30,1
DA:31,1
DA:32,1
DA:33,1
DA:36,1
DA:37,1
DA:38,1
DA:46,0
DA:50,6
DA:51,1
DA:52,1
DA:53,1
DA:70,1
DA:72,0
DA:75,6
DA:76,1
DA:77,1
DA:78,1
DA:92,1
DA:94,0
DA:97,6
LF:34
LH:30
BRDA:17,0,0,1
BRDA:17,0,1,0
BRDA:18,1,0,0
BRDA:18,1,1,1
BRDA:20,2,0,1
BRDA:20,2,1,0
BRDA:22,3,0,1
BRDA:22,3,1,0
BRDA:23,4,0,0
BRDA:23,4,1,1
BRDA:30,5,0,1
BRDA:30,5,1,0
BRDA:39,6,0,0
BRDA:39,6,1,1
BRDA:42,7,0,0
BRDA:42,7,1,1
BRDA:43,8,0,0
BRDA:43,8,1,1
BRF:18
BRH:9
end_of_record
TN:
SF:controllers\index.js
FN:8,(anonymous_0)
FNF:1
FNH:0
FNDA:0,(anonymous_0)
DA:1,6
DA:2,6
DA:3,6
DA:4,6
DA:5,6
DA:6,6
DA:8,6
DA:9,0
DA:12,6
LF:9
LH:8
BRF:0
BRH:0
end_of_record
TN:
SF:controllers\openAI.js
FN:4,(anonymous_0)
FNF:1
FNH:1
FNDA:4,(anonymous_0)
DA:1,6
DA:2,6
DA:4,6
DA:5,4
DA:6,4
DA:7,4
DA:8,4
DA:9,1
DA:23,1
DA:24,1
DA:26,3
DA:30,6
LF:12
LH:12
BRDA:8,0,0,3
BRDA:8,0,1,1
BRF:2
BRH:2
end_of_record
TN:
SF:controllers\profileController.js
FN:4,(anonymous_0)
FN:27,(anonymous_1)
FN:55,(anonymous_2)
FNF:3
FNH:3
FNDA:1,(anonymous_0)
FNDA:1,(anonymous_1)
FNDA:1,(anonymous_2)
DA:1,6
DA:2,6
DA:4,6
DA:5,1
DA:6,1
DA:7,1
DA:8,1
DA:22,1
DA:24,0
DA:27,6
DA:28,1
DA:29,1
DA:30,1
DA:32,1
DA:38,1
DA:39,1
DA:40,1
DA:42,1
DA:47,1
DA:49,1
DA:51,0
DA:52,0
DA:55,6
DA:56,1
DA:57,1
DA:58,1
DA:66,1
DA:68,0
DA:72,6
LF:29
LH:25
BRF:0
BRH:0
end_of_record
TN:
SF:controllers\subscribeController.js
FN:6,(anonymous_0)
FN:39,(anonymous_1)
FN:66,(anonymous_2)
FN:90,(anonymous_3)
FN:109,(anonymous_4)
FNF:5
FNH:5
FNDA:1,(anonymous_0)
FNDA:1,(anonymous_1)
FNDA:2,(anonymous_2)
FNDA:2,(anonymous_3)
FNDA:2,(anonymous_4)
DA:1,6
DA:2,6
DA:3,6
DA:4,6
DA:6,6
DA:7,1
DA:8,1
DA:13,1
DA:15,1
DA:28,1
DA:30,1
DA:35,0
DA:39,6
DA:40,1
DA:41,1
DA:42,1
DA:43,1
DA:45,1
DA:54,1
DA:55,0
DA:57,1
DA:62,0
DA:66,6
DA:67,2
DA:68,2
DA:70,2
DA:71,2
DA:72,2
DA:73,2
DA:75,1
DA:77,1
DA:84,1
DA:86,1
DA:90,6
DA:91,2
DA:92,2
DA:93,2
DA:94,2
DA:101,2
DA:103,1
DA:105,1
DA:109,6
DA:110,2
DA:111,2
DA:112,2
DA:113,2
DA:119,2
DA:120,1
DA:122,1
DA:124,1
DA:126,1
DA:129,6
LF:52
LH:49
BRDA:54,0,0,0
BRDA:54,0,1,1
BRDA:73,1,0,1
BRDA:73,1,1,1
BRDA:101,2,0,1
BRDA:101,2,1,1
BRDA:119,3,0,1
BRDA:119,3,1,1
BRDA:120,4,0,0
BRDA:120,4,1,1
BRF:10
BRH:8
end_of_record
TN:
SF:controllers\userController.js
FN:8,(anonymous_0)
FN:23,(anonymous_1)
FN:43,(anonymous_2)
FNF:3
FNH:3
FNDA:4,(anonymous_0)
FNDA:6,(anonymous_1)
FNDA:1,(anonymous_2)
DA:1,6
DA:2,6
DA:3,6
DA:4,6
DA:5,6
DA:6,6
DA:8,6
DA:9,4
DA:10,4
DA:11,4
DA:12,1
DA:14,1
DA:19,3
DA:23,6
DA:24,6
DA:25,6
DA:26,6
DA:28,3
DA:29,3
DA:31,2
DA:32,2
DA:34,1
DA:35,1
DA:37,1
DA:39,5
DA:43,6
DA:44,1
DA:45,1
DA:46,1
DA:50,0
DA:52,0
DA:61,0
DA:67,0
DA:68,0
DA:70,0
DA:72,1
DA:75,6
LF:37
LH:31
BRDA:26,0,0,3
BRDA:26,0,1,3
BRDA:26,1,0,6
BRDA:26,1,1,4
BRDA:29,2,0,1
BRDA:29,2,1,2
BRDA:32,3,0,1
BRDA:32,3,1,1
BRDA:35,4,0,0
BRDA:35,4,1,1
BRDA:61,5,0,0
BRDA:61,5,1,0
BRDA:68,6,0,0
BRDA:68,6,1,0
BRF:14
BRH:9
end_of_record
TN:
SF:helpers\bcrypt.js
FN:4,(anonymous_0)
FN:5,(anonymous_1)
FNF:2
FNH:2
FNDA:20,(anonymous_0)
FNDA:2,(anonymous_1)
DA:1,6
DA:3,6
DA:4,20
DA:5,2
LF:4
LH:4
BRF:0
BRH:0
end_of_record
TN:
SF:helpers\jwt.js
FN:5,(anonymous_0)
FN:6,(anonymous_1)
FNF:2
FNH:2
FNDA:7,(anonymous_0)
FNDA:29,(anonymous_1)
DA:1,6
DA:2,6
DA:4,6
DA:5,7
DA:6,29
LF:5
LH:5
BRF:0
BRH:0
end_of_record
TN:
SF:helpers\tester.js
FN:6,(anonymous_0)
FN:8,(anonymous_1)
FN:31,(anonymous_2)
FN:42,(anonymous_3)
FN:58,(anonymous_4)
FN:91,(anonymous_5)
FNF:6
FNH:6
FNDA:6,(anonymous_0)
FNDA:18,(anonymous_1)
FNDA:16,(anonymous_2)
FNDA:12,(anonymous_3)
FNDA:36,(anonymous_4)
FNDA:6,(anonymous_5)
DA:1,6
DA:2,6
DA:3,6
DA:4,6
DA:6,6
DA:7,6
DA:8,6
DA:9,18
DA:19,6
DA:21,4
DA:22,4
DA:23,12
DA:29,4
DA:31,4
DA:32,16
DA:40,4
DA:42,4
DA:43,12
DA:56,4
DA:58,4
DA:59,36
DA:70,4
DA:72,3
DA:84,3
DA:87,3
DA:91,6
DA:92,6
DA:98,6
DA:104,6
DA:110,6
DA:116,6
DA:123,6
LF:32
LH:32
BRF:0
BRH:0
end_of_record
TN:
SF:middlewares\authentication.js
FN:4,(anonymous_0)
FNF:1
FNH:1
FNDA:42,(anonymous_0)
DA:1,6
DA:2,6
DA:4,6
DA:5,42
DA:6,42
DA:7,42
DA:9,30
DA:10,30
DA:12,29
DA:14,18
DA:15,18
DA:17,18
DA:22,18
DA:24,24
DA:28,6
LF:15
LH:15
BRDA:7,0,0,12
BRDA:7,0,1,30
BRDA:10,1,0,1
BRDA:10,1,1,29
BRDA:15,2,0,0
BRDA:15,2,1,18
BRF:6
BRH:5
end_of_record
TN:
SF:middlewares\errorHandler.js
FN:1,(anonymous_0)
FNF:1
FNH:1
FNDA:39,(anonymous_0)
DA:1,6
DA:2,39
DA:3,39
DA:5,2
DA:6,2
DA:7,2
DA:9,1
DA:10,1
DA:11,1
DA:14,0
DA:15,0
DA:16,0
DA:18,5
DA:19,5
DA:20,5
DA:22,3
DA:23,3
DA:24,3
DA:27,24
DA:28,24
DA:29,24
DA:31,3
DA:32,3
DA:33,3
DA:35,1
DA:36,1
DA:37,1
DA:40,39
LF:28
LH:25
BRDA:3,0,0,2
BRDA:3,0,1,1
BRDA:3,0,2,0
BRDA:3,0,3,0
BRDA:3,0,4,5
BRDA:3,0,5,3
BRDA:3,0,6,13
BRDA:3,0,7,24
BRDA:3,0,8,3
BRDA:3,0,9,1
BRF:10
BRH:8
end_of_record
TN:
SF:middlewares\multer.js
FNF:0
FNH:0
DA:1,6
DA:3,6
DA:5,6
LF:3
LH:3
BRF:0
BRH:0
end_of_record
TN:
SF:models\category.js
FN:5,(anonymous_0)
FN:7,(anonymous_1)
FNF:2
FNH:2
FNDA:6,(anonymous_0)
FNDA:6,(anonymous_1)
DA:4,6
DA:5,6
DA:8,6
DA:13,6
DA:46,6
LF:5
LH:5
BRF:0
BRH:0
end_of_record
TN:
SF:models\course.js
FN:5,(anonymous_0)
FN:7,(anonymous_1)
FNF:2
FNH:2
FNDA:6,(anonymous_0)
FNDA:6,(anonymous_1)
DA:4,6
DA:5,6
DA:8,6
DA:11,6
DA:14,6
DA:17,6
DA:22,6
DA:113,6
LF:8
LH:8
BRF:0
BRH:0
end_of_record
TN:
SF:models\index.js
FN:21,(anonymous_0)
FN:29,(anonymous_1)
FN:34,(anonymous_2)
FNF:3
FNH:3
FNDA:42,(anonymous_0)
FNDA:36,(anonymous_1)
FNDA:36,(anonymous_2)
DA:3,6
DA:4,6
DA:5,6
DA:6,6
DA:7,6
DA:8,6
DA:9,6
DA:10,6
DA:13,6
DA:14,0
DA:16,6
DA:19,6
DA:22,42
DA:30,36
DA:31,36
DA:34,6
DA:35,36
DA:36,36
DA:40,6
DA:41,6
DA:43,6
LF:21
LH:20
BRDA:8,0,0,6
BRDA:8,0,1,0
BRDA:13,1,0,0
BRDA:13,1,1,6
BRDA:23,2,0,42
BRDA:23,2,1,42
BRDA:23,2,2,36
BRDA:23,2,3,36
BRDA:35,3,0,36
BRDA:35,3,1,0
BRF:10
BRH:7
end_of_record
TN:
SF:models\profile.js
FN:5,(anonymous_0)
FN:7,(anonymous_1)
FNF:2
FNH:2
FNDA:6,(anonymous_0)
FNDA:6,(anonymous_1)
DA:4,6
DA:5,6
DA:8,6
DA:13,6
DA:57,6
LF:5
LH:5
BRF:0
BRH:0
end_of_record
TN:
SF:models\subscriber.js
FN:6,(anonymous_0)
FN:8,(anonymous_1)
FNF:2
FNH:2
FNDA:6,(anonymous_0)
FNDA:6,(anonymous_1)
DA:4,6
DA:6,6
DA:9,6
DA:12,6
DA:17,6
DA:73,6
LF:6
LH:6
BRF:0
BRH:0
end_of_record
TN:
SF:models\user.js
FN:6,(anonymous_0)
FN:8,(anonymous_1)
FN:82,(anonymous_2)
FNF:3
FNH:3
FNDA:6,(anonymous_0)
FNDA:6,(anonymous_1)
FNDA:2,(anonymous_2)
DA:4,6
DA:5,6
DA:6,6
DA:9,6
DA:10,6
DA:11,6
DA:14,6
DA:83,2
DA:87,6
LF:9
LH:9
BRF:0
BRH:0
end_of_record
TN:
SF:models\video.js
FN:5,(anonymous_0)
FN:7,(anonymous_1)
FNF:2
FNH:2
FNDA:6,(anonymous_0)
FNDA:6,(anonymous_1)
DA:4,6
DA:5,6
DA:8,6
DA:13,6
DA:94,6
LF:5
LH:5
BRF:0
BRH:0
end_of_record
TN:
SF:routers\index.js
FNF:0
FNH:0
DA:1,6
DA:2,6
DA:3,6
DA:4,6
DA:6,6
DA:8,6
DA:10,6
DA:11,6
DA:12,6
DA:14,6
DA:15,6
DA:16,6
DA:17,6
DA:19,6
DA:21,6
DA:23,6
DA:24,6
DA:25,6
DA:26,6
DA:28,6
DA:29,6
DA:30,6
DA:32,6
LF:23
LH:23
BRF:0
BRH:0
end_of_record
